# JRE version: Java(TM) SE Runtime Environment (16.0.1+9) (build 16.0.1+9-24)
# Java VM: Java HotSpot(TM) 64-Bit Server VM (16.0.1+9-24, mixed mode, sharing, tiered, compressed oops, compressed class ptrs, g1 gc, windows-amd64)
GC Precious Log:
 CPUs: 4 total, 4 available
 Memory: 12160M
 Large Page Support: Disabled
 NUMA Support: Disabled
 Compressed Oops: Enabled (Zero based)
 Heap Region Size: 2M
 Heap Min Capacity: 8M
 Heap Initial Capacity: 192M
 Heap Max Capacity: 3042M
 Pre-touch: Disabled
 Parallel Workers: 4
 Concurrent Workers: 1
 Concurrent Refinement Workers: 4
 Periodic GC: Disabled
Heap:
 garbage-first heap   total 75776K, used 25704K [0x0000000741e00000, 0x0000000800000000)
  region size 2048K, 8 young (16384K), 3 survivors (6144K)
 Metaspace       used 37680K, committed 37952K, reserved 1089536K
  class space    used 4935K, committed 5056K, reserved 1048576K
GC Heap History (20 events):
Event: 0.745 GC heap before
{Heap before GC invocations=0 (full 0):
 garbage-first heap   total 196608K, used 10240K [0x0000000741e00000, 0x0000000800000000)
  region size 2048K, 6 young (12288K), 0 survivors (0K)
 Metaspace       used 2235K, committed 2368K, reserved 1056768K
  class space    used 195K, committed 256K, reserved 1048576K
}
Event: 0.749 GC heap after
{Heap after GC invocations=1 (full 0):
 garbage-first heap   total 196608K, used 5073K [0x0000000741e00000, 0x0000000800000000)
  region size 2048K, 1 young (2048K), 1 survivors (2048K)
 Metaspace       used 2235K, committed 2368K, reserved 1056768K
  class space    used 195K, committed 256K, reserved 1048576K
}
Event: 0.986 GC heap before
{Heap before GC invocations=1 (full 0):
 garbage-first heap   total 196608K, used 11217K [0x0000000741e00000, 0x0000000800000000)
  region size 2048K, 5 young (10240K), 1 survivors (2048K)
 Metaspace       used 4302K, committed 4544K, reserved 1056768K
  class space    used 448K, committed 576K, reserved 1048576K
}
Event: 0.989 GC heap after
{Heap after GC invocations=2 (full 0):
 garbage-first heap   total 196608K, used 5851K [0x0000000741e00000, 0x0000000800000000)
  region size 2048K, 1 young (2048K), 1 survivors (2048K)
 Metaspace       used 4302K, committed 4544K, reserved 1056768K
  class space    used 448K, committed 576K, reserved 1048576K
}
Event: 1.005 GC heap before
{Heap before GC invocations=2 (full 0):
 garbage-first heap   total 196608K, used 26331K [0x0000000741e00000, 0x0000000800000000)
  region size 2048K, 12 young (24576K), 1 survivors (2048K)
 Metaspace       used 4302K, committed 4544K, reserved 1056768K
  class space    used 448K, committed 576K, reserved 1048576K
}
Event: 1.007 GC heap after
{Heap after GC invocations=3 (full 0):
 garbage-first heap   total 196608K, used 5884K [0x0000000741e00000, 0x0000000800000000)
  region size 2048K, 1 young (2048K), 1 survivors (2048K)
 Metaspace       used 4302K, committed 4544K, reserved 1056768K
  class space    used 448K, committed 576K, reserved 1048576K
}
Event: 2.569 GC heap before
{Heap before GC invocations=3 (full 0):
 garbage-first heap   total 196608K, used 118524K [0x0000000741e00000, 0x0000000800000000)
  region size 2048K, 57 young (116736K), 1 survivors (2048K)
 Metaspace       used 16601K, committed 16896K, reserved 1064960K
  class space    used 1986K, committed 2112K, reserved 1048576K
}
Event: 2.575 GC heap after
{Heap after GC invocations=4 (full 0):
 garbage-first heap   total 196608K, used 9400K [0x0000000741e00000, 0x0000000800000000)
  region size 2048K, 3 young (6144K), 3 survivors (6144K)
 Metaspace       used 16601K, committed 16896K, reserved 1064960K
  class space    used 1986K, committed 2112K, reserved 1048576K
}
Event: 3.647 GC heap before
{Heap before GC invocations=4 (full 0):
 garbage-first heap   total 196608K, used 42168K [0x0000000741e00000, 0x0000000800000000)
  region size 2048K, 20 young (40960K), 3 survivors (6144K)
 Metaspace       used 21009K, committed 21248K, reserved 1073152K
  class space    used 2566K, committed 2688K, reserved 1048576K
}
Event: 3.657 GC heap after
{Heap after GC invocations=5 (full 0):
 garbage-first heap   total 196608K, used 11378K [0x0000000741e00000, 0x0000000800000000)
  region size 2048K, 3 young (6144K), 3 survivors (6144K)
 Metaspace       used 21009K, committed 21248K, reserved 1073152K
  class space    used 2566K, committed 2688K, reserved 1048576K
}
Event: 4.933 GC heap before
{Heap before GC invocations=6 (full 0):
 garbage-first heap   total 49152K, used 46194K [0x0000000741e00000, 0x0000000800000000)
  region size 2048K, 21 young (43008K), 3 survivors (6144K)
 Metaspace       used 24816K, committed 25152K, reserved 1073152K
  class space    used 3067K, committed 3264K, reserved 1048576K
}
Event: 4.942 GC heap after
{Heap after GC invocations=7 (full 0):
 garbage-first heap   total 57344K, used 13401K [0x0000000741e00000, 0x0000000800000000)
  region size 2048K, 4 young (8192K), 4 survivors (8192K)
 Metaspace       used 24816K, committed 25152K, reserved 1073152K
  class space    used 3067K, committed 3264K, reserved 1048576K
}
Event: 5.051 GC heap before
{Heap before GC invocations=7 (full 0):
 garbage-first heap   total 57344K, used 35929K [0x0000000741e00000, 0x0000000800000000)
  region size 2048K, 16 young (32768K), 4 survivors (8192K)
 Metaspace       used 25530K, committed 25856K, reserved 1073152K
  class space    used 3128K, committed 3264K, reserved 1048576K
}
Event: 5.059 GC heap after
{Heap after GC invocations=8 (full 0):
 garbage-first heap   total 57344K, used 14431K [0x0000000741e00000, 0x0000000800000000)
  region size 2048K, 2 young (4096K), 2 survivors (4096K)
 Metaspace       used 25530K, committed 25856K, reserved 1073152K
  class space    used 3128K, committed 3264K, reserved 1048576K
}
Event: 5.067 GC heap before
{Heap before GC invocations=8 (full 0):
 garbage-first heap   total 57344K, used 41055K [0x0000000741e00000, 0x0000000800000000)
  region size 2048K, 16 young (32768K), 2 survivors (4096K)
 Metaspace       used 25530K, committed 25856K, reserved 1073152K
  class space    used 3128K, committed 3264K, reserved 1048576K
}
Event: 5.071 GC heap after
{Heap after GC invocations=9 (full 0):
 garbage-first heap   total 57344K, used 13909K [0x0000000741e00000, 0x0000000800000000)
  region size 2048K, 1 young (2048K), 1 survivors (2048K)
 Metaspace       used 25530K, committed 25856K, reserved 1073152K
  class space    used 3128K, committed 3264K, reserved 1048576K
}
Event: 5.588 GC heap before
{Heap before GC invocations=9 (full 0):
 garbage-first heap   total 57344K, used 40533K [0x0000000741e00000, 0x0000000800000000)
  region size 2048K, 15 young (30720K), 1 survivors (2048K)
 Metaspace       used 28037K, committed 28352K, reserved 1081344K
  class space    used 3455K, committed 3584K, reserved 1048576K
}
Event: 5.592 GC heap after
{Heap after GC invocations=10 (full 0):
 garbage-first heap   total 116736K, used 14876K [0x0000000741e00000, 0x0000000800000000)
  region size 2048K, 1 young (2048K), 1 survivors (2048K)
 Metaspace       used 28037K, committed 28352K, reserved 1081344K
  class space    used 3455K, committed 3584K, reserved 1048576K
}
Event: 6.402 GC heap before
{Heap before GC invocations=10 (full 0):
 garbage-first heap   total 116736K, used 41500K [0x0000000741e00000, 0x0000000800000000)
  region size 2048K, 15 young (30720K), 1 survivors (2048K)
 Metaspace       used 35194K, committed 35520K, reserved 1081344K
  class space    used 4503K, committed 4672K, reserved 1048576K
}
Event: 6.407 GC heap after
{Heap after GC invocations=11 (full 0):
 garbage-first heap   total 116736K, used 17512K [0x0000000741e00000, 0x0000000800000000)
  region size 2048K, 3 young (6144K), 3 survivors (6144K)
 Metaspace       used 35194K, committed 35520K, reserved 1081344K
  class space    used 4503K, committed 4672K, reserved 1048576K
}

